<?xml version="1.0" encoding="UTF-8"?>
<!-- Generated by org.testng.reporters.JUnitXMLReporter -->
<testsuite hostname="admin-PC" name="Test" tests="2" failures="0" timestamp="9 Dec 2019 09:17:54 GMT" time="0.125" errors="0">
  <testcase name="@BeforeTest configBC" time="0.0" classname="com.vtiger.opportunity.SearchOpportunityByStartWithOptionWithValidNameTc_52">
    <failure type="org.testng.TestNGException" message="
Parameter &amp;apos;Browser&amp;apos; is required by @Configuration on method configBC but has not been marked @Optional or defined
in D:\javap\Selenium3.0\testng.xml">
      <![CDATA[org.testng.TestNGException: 
Parameter 'Browser' is required by @Configuration on method configBC but has not been marked @Optional or defined
in D:\javap\Selenium3.0\testng.xml
... Removed 19 stack frames]]>
    </failure>
  </testcase> <!-- @BeforeTest configBC -->
  <testcase name="@BeforeMethod configBM" time="0.0" classname="com.vtiger.opportunity.SearchOpportunityByStartWithOptionWithValidNameTc_52">
    <skipped/>
  </testcase> <!-- @BeforeMethod configBM -->
  <testcase name="@AfterMethod configAM" time="0.0" classname="com.vtiger.opportunity.SearchOpportunityByStartWithOptionWithValidNameTc_52">
    <skipped/>
  </testcase> <!-- @AfterMethod configAM -->
  <testcase name="@BeforeMethod configBM" time="0.0" classname="com.vtiger.opportunity.SearchOpportunityNameByCharTc_55">
    <skipped/>
  </testcase> <!-- @BeforeMethod configBM -->
  <testcase name="@AfterMethod configAM" time="0.0" classname="com.vtiger.opportunity.SearchOpportunityNameByCharTc_55">
    <skipped/>
  </testcase> <!-- @AfterMethod configAM -->
  <testcase name="@AfterTest configAC" time="0.0" classname="com.vtiger.opportunity.SearchOpportunityByStartWithOptionWithValidNameTc_52">
    <skipped/>
  </testcase> <!-- @AfterTest configAC -->
  <testcase name="SearchOpportunityByStartWithOptionWithValidNameTc_52Test" time="0.0" classname="com.vtiger.opportunity.SearchOpportunityByStartWithOptionWithValidNameTc_52">
    <skipped/>
  </testcase> <!-- SearchOpportunityByStartWithOptionWithValidNameTc_52Test -->
  <testcase name="SearchOpportunityNameByCharTc_55Test" time="0.031" classname="com.vtiger.opportunity.SearchOpportunityNameByCharTc_55">
    <skipped/>
  </testcase> <!-- SearchOpportunityNameByCharTc_55Test -->
</testsuite> <!-- Test -->
